<?xml version="1.0" encoding="UTF-8"?>
<!-- Generated by org.testng.reporters.JUnitReportReporter -->
<testsuite skipped="0" hostname="LAPTOP-OFBLMIDL" name="Test.TestNGDemo" tests="3" failures="0" timestamp="2022-03-26T22:14:23 AEDT" time="4.051" errors="0">
  <testcase name="test2" time="0.001" classname="Test.TestNGDemo"/>
  <system-out/>
  <testcase name="test1" time="0.031" classname="Test.TestNGDemo"/>
  <system-out/>
  <testcase name="testRun" time="4.019" classname="Test.TestNGDemo"/>
  <system-out/>
</testsuite> <!-- Test.TestNGDemo -->
