<?xml version="1.0" encoding="UTF-8"?>
<!-- Generated by org.testng.reporters.JUnitReportReporter -->
<testsuite skipped="0" hostname="LAPTOP-OFBLMIDL" name="Test.TestNGDemo" tests="3" failures="0" timestamp="2022-03-26T12:14:01 AEDT" time="4.166" errors="0">
  <testcase name="test1" time="0.017" classname="Test.TestNGDemo"/>
  <system-out/>
  <testcase name="testRun" time="4.147" classname="Test.TestNGDemo"/>
  <system-out/>
  <testcase name="test2" time="0.002" classname="Test.TestNGDemo"/>
  <system-out/>
</testsuite> <!-- Test.TestNGDemo -->
